{"meta": {"format": 2, "version": "7.5.4", "timestamp": "2025-12-21T00:13:04.454190", "branch_coverage": false, "show_contexts": false}, "files": {"src/nhra_game_theory/__init__.py": {"executed_lines": [1, 2], "summary": {"covered_lines": 2, "num_statements": 2, "percent_covered": 100.0, "percent_covered_display": "100", "missing_lines": 0, "excluded_lines": 0}, "missing_lines": [], "excluded_lines": []}, "src/nhra_game_theory/equilibrium.py": {"executed_lines": [1, 9, 11, 12, 15, 17, 18, 19, 20, 21, 24, 26, 27, 30, 31, 32, 33, 34, 37, 45, 46, 49, 50, 52, 53], "summary": {"covered_lines": 24, "num_statements": 24, "percent_covered": 100.0, "percent_covered_display": "100", "missing_lines": 0, "excluded_lines": 0}, "missing_lines": [], "excluded_lines": []}, "src/nhra_game_theory/plotting.py": {"executed_lines": [1, 3, 4, 5, 7, 8, 9, 10, 11, 12, 14, 17, 18, 19, 20, 23, 31, 32, 33, 34, 35, 36, 37, 38, 39, 40, 41, 42, 43, 46, 50, 51, 52, 53, 54, 55, 56, 57, 58, 59, 60, 61, 62, 63, 64, 67, 72, 73, 74, 75, 76, 77, 78, 79, 81, 82, 83, 84, 85, 86, 87, 88, 91, 95, 96, 97, 99, 112, 113, 114, 117, 118, 119, 122, 123, 124, 125, 126, 127, 128, 130, 135, 136, 137, 138, 139, 140, 141, 142, 143, 144, 147, 148, 150, 160, 161, 169, 170, 171], "summary": {"covered_lines": 99, "num_statements": 99, "percent_covered": 100.0, "percent_covered_display": "100", "missing_lines": 0, "excluded_lines": 0}, "missing_lines": [], "excluded_lines": []}, "src/nhra_game_theory/subgames/__init__.py": {"executed_lines": [1], "summary": {"covered_lines": 1, "num_statements": 1, "percent_covered": 100.0, "percent_covered_display": "100", "missing_lines": 0, "excluded_lines": 0}, "missing_lines": [], "excluded_lines": []}, "src/nhra_game_theory/subgames/games.py": {"executed_lines": [1, 3, 4, 6, 8, 11, 12, 13, 22, 23, 24, 25, 26, 29, 39, 40, 41, 44, 45, 47, 48, 51, 55, 60, 63, 70, 71, 73, 74, 75, 77, 81, 86, 89, 91, 92, 94, 95, 96, 98, 102, 107, 110, 112, 113, 114, 115, 116, 118, 122, 127, 130, 132, 133, 135, 136, 137, 139, 143, 148, 151, 153, 154, 157, 158, 160, 164, 169], "summary": {"covered_lines": 67, "num_statements": 67, "percent_covered": 100.0, "percent_covered_display": "100", "missing_lines": 0, "excluded_lines": 0}, "missing_lines": [], "excluded_lines": []}, "src/nhra_game_theory/subgames/nash.py": {"executed_lines": [1, 3, 4, 6, 9, 10, 11, 18, 19, 20, 23, 24, 25, 26, 27, 28, 29, 32, 34, 35, 36, 37, 38, 39, 40, 43, 44, 45, 46, 47, 48, 49, 50, 53, 54, 55, 56, 57, 58, 59, 60, 61, 62, 63, 64, 67, 69, 70, 71, 72, 75, 76, 78, 79, 81, 82, 84, 85, 87, 88, 89, 92, 93, 94, 95, 96, 98, 99, 102, 113, 115, 116, 117, 118, 119, 120, 121, 122, 123, 124, 125, 127, 128, 129, 130], "summary": {"covered_lines": 83, "num_statements": 84, "percent_covered": 98.80952380952381, "percent_covered_display": "99", "missing_lines": 1, "excluded_lines": 0}, "missing_lines": [114], "excluded_lines": []}, "src/nhra_game_theory/v8.py": {"executed_lines": [1, 15, 17, 18, 19, 20, 21, 22, 24, 31, 32, 34, 35, 37, 38, 39, 40, 41, 48, 49, 51, 52, 53, 55, 56, 58, 59, 61, 62, 63, 64, 65, 71, 72, 73, 76, 77, 78, 79, 82, 83, 84, 85, 88, 89, 90, 93, 94, 95, 98, 99, 100, 103, 106, 107, 108, 109, 110, 111, 112, 113, 114, 115, 118, 120, 121, 122, 123, 124, 126, 143, 153, 170, 173, 174, 175, 176, 178, 179, 180, 190, 198, 199, 200, 201, 202, 204, 205, 206, 207, 208, 209, 213, 214, 215, 216, 217, 218, 220, 221, 228, 229, 230, 233, 235, 238, 242, 243, 244, 247, 250, 251, 252, 254, 255, 258, 259, 260, 261, 263, 264, 267, 268, 269, 271, 272, 275, 276, 277, 278, 279, 281, 282, 283, 284, 287, 288, 289, 290, 292, 293, 296, 297, 300, 301, 303, 304, 305, 308, 309, 310, 312, 313, 315, 331, 335, 336, 337, 338, 339, 340, 341, 346, 347, 348, 350, 354, 355, 356, 357, 358, 361, 362, 363, 364, 365, 368, 379, 380, 381, 382, 383, 384, 392, 395, 400, 401, 402, 403, 405, 417, 425, 426, 427, 428, 429, 430, 445, 448, 456, 457, 458, 459, 460, 461, 462, 472, 475, 484, 485, 486, 487, 493, 494, 495, 496, 504, 508, 520, 521, 522, 524, 525, 527, 528, 529, 531, 532, 533, 534, 535, 549, 550, 553, 576, 581, 583, 586, 590, 591, 592, 593, 604, 606, 607, 608, 609, 610, 613, 615, 616], "summary": {"covered_lines": 250, "num_statements": 250, "percent_covered": 100.0, "percent_covered_display": "100", "missing_lines": 0, "excluded_lines": 0}, "missing_lines": [], "excluded_lines": []}}, "totals": {"covered_lines": 526, "num_statements": 527, "percent_covered": 99.81024667931689, "percent_covered_display": "99", "missing_lines": 1, "excluded_lines": 0}}